c:\projects\myproject\myproject\x64\debug\vc143.pdb
c:\projects\myproject\myproject\x64\debug\.netframework,version=v4.8.assemblyattributes.obj
c:\projects\myproject\myproject\x64\debug\program.obj
c:\projects\myproject\myproject\x64\debug\loginform.obj
c:\projects\myproject\x64\debug\myproject.exe
c:\projects\myproject\myproject\x64\debug\myproject.vcxproj.assemblyreference.cache
c:\projects\myproject\myproject\x64\debug\myproject.vcxproj.generateresource.cache
c:\projects\myproject\myproject\x64\debug\myproject.vcxproj.suggestedbindingredirects.cache
c:\projects\myproject\myproject\x64\debug\myproject.loginform.resources
c:\projects\myproject\x64\debug\myproject.pdb
c:\projects\myproject\myproject\x64\debug\myproject.tlog\cl.command.1.tlog
c:\projects\myproject\myproject\x64\debug\myproject.tlog\cl.read.1.tlog
c:\projects\myproject\myproject\x64\debug\myproject.tlog\cl.write.1.tlog
c:\projects\myproject\myproject\x64\debug\myproject.tlog\link.10504.read.1.tlog
c:\projects\myproject\myproject\x64\debug\myproject.tlog\link.10504.read.3.tlog
c:\projects\myproject\myproject\x64\debug\myproject.tlog\link.10504.write.1.tlog
c:\projects\myproject\myproject\x64\debug\myproject.tlog\link.1148.read.1.tlog
c:\projects\myproject\myproject\x64\debug\myproject.tlog\link.1148.read.3.tlog
c:\projects\myproject\myproject\x64\debug\myproject.tlog\link.1148.write.1.tlog
c:\projects\myproject\myproject\x64\debug\myproject.tlog\link.12644.read.1.tlog
c:\projects\myproject\myproject\x64\debug\myproject.tlog\link.12644.read.2.tlog
c:\projects\myproject\myproject\x64\debug\myproject.tlog\link.12644.write.1.tlog
c:\projects\myproject\myproject\x64\debug\myproject.tlog\link.12776.read.1.tlog
c:\projects\myproject\myproject\x64\debug\myproject.tlog\link.12776.read.3.tlog
c:\projects\myproject\myproject\x64\debug\myproject.tlog\link.12776.write.1.tlog
c:\projects\myproject\myproject\x64\debug\myproject.tlog\link.13612.read.1.tlog
c:\projects\myproject\myproject\x64\debug\myproject.tlog\link.13612.read.3.tlog
c:\projects\myproject\myproject\x64\debug\myproject.tlog\link.13612.write.1.tlog
c:\projects\myproject\myproject\x64\debug\myproject.tlog\link.14244.read.1.tlog
c:\projects\myproject\myproject\x64\debug\myproject.tlog\link.14244.read.2.tlog
c:\projects\myproject\myproject\x64\debug\myproject.tlog\link.14244.write.1.tlog
c:\projects\myproject\myproject\x64\debug\myproject.tlog\link.15796.read.1.tlog
c:\projects\myproject\myproject\x64\debug\myproject.tlog\link.15796.read.3.tlog
c:\projects\myproject\myproject\x64\debug\myproject.tlog\link.15796.write.1.tlog
c:\projects\myproject\myproject\x64\debug\myproject.tlog\link.20296.read.1.tlog
c:\projects\myproject\myproject\x64\debug\myproject.tlog\link.20296.read.3.tlog
c:\projects\myproject\myproject\x64\debug\myproject.tlog\link.20296.write.1.tlog
c:\projects\myproject\myproject\x64\debug\myproject.tlog\link.5080.read.1.tlog
c:\projects\myproject\myproject\x64\debug\myproject.tlog\link.5080.read.2.tlog
c:\projects\myproject\myproject\x64\debug\myproject.tlog\link.5080.write.1.tlog
c:\projects\myproject\myproject\x64\debug\myproject.tlog\link.7976.read.1.tlog
c:\projects\myproject\myproject\x64\debug\myproject.tlog\link.7976.read.2.tlog
c:\projects\myproject\myproject\x64\debug\myproject.tlog\link.7976.write.1.tlog
c:\projects\myproject\myproject\x64\debug\myproject.tlog\link.8136.read.1.tlog
c:\projects\myproject\myproject\x64\debug\myproject.tlog\link.8136.read.2.tlog
c:\projects\myproject\myproject\x64\debug\myproject.tlog\link.8136.write.1.tlog
c:\projects\myproject\myproject\x64\debug\myproject.tlog\link.8236.read.1.tlog
c:\projects\myproject\myproject\x64\debug\myproject.tlog\link.8236.read.2.tlog
c:\projects\myproject\myproject\x64\debug\myproject.tlog\link.8236.write.1.tlog
c:\projects\myproject\myproject\x64\debug\myproject.tlog\link.9336.read.1.tlog
c:\projects\myproject\myproject\x64\debug\myproject.tlog\link.9336.read.2.tlog
c:\projects\myproject\myproject\x64\debug\myproject.tlog\link.9336.write.1.tlog
c:\projects\myproject\myproject\x64\debug\myproject.tlog\link.command.1.tlog
c:\projects\myproject\myproject\x64\debug\myproject.tlog\link.read.1.tlog
c:\projects\myproject\myproject\x64\debug\myproject.tlog\link.read.2.tlog
c:\projects\myproject\myproject\x64\debug\myproject.tlog\link.read.3.tlog
c:\projects\myproject\myproject\x64\debug\myproject.tlog\link.write.1.tlog
c:\projects\myproject\myproject\x64\debug\myproject.tlog\metagen.read.1.tlog
c:\projects\myproject\myproject\x64\debug\myproject.tlog\metagen.write.1.tlog
c:\projects\myproject\myproject\x64\debug\myproject.tlog\resgen.command.1.tlog
c:\projects\myproject\myproject\x64\debug\myproject.tlog\resgen.read.1.tlog
c:\projects\myproject\myproject\x64\debug\myproject.tlog\resgen.write.1.tlog
